# JRE version: Java(TM) SE Runtime Environment (20.0.1+9) (build 20.0.1+9-29)
# Java VM: Java HotSpot(TM) 64-Bit Server VM (20.0.1+9-29, mixed mode, sharing, tiered, compressed oops, compressed class ptrs, g1 gc, windows-amd64)
GC Precious Log:
 CardTable entry size: 512
 Card Set container configuration: InlinePtr #cards 5 size 8 Array Of Cards #cards 12 size 40 Howl #buckets 4 coarsen threshold 1843 Howl Bitmap #cards 512 size 80 coarsen threshold 460 Card regions per heap region 1 cards per card region 2048
 CPUs: 12 total, 12 available
 Memory: 7562M
 Large Page Support: Disabled
 NUMA Support: Disabled
 Compressed Oops: Enabled (32-bit)
 Heap Region Size: 1M
 Heap Min Capacity: 8M
 Heap Initial Capacity: 120M
 Heap Max Capacity: 2G
 Pre-touch: Disabled
 Parallel Workers: 10
 Concurrent Workers: 3
 Concurrent Refinement Workers: 10
 Periodic GC: Disabled
Heap:
 garbage-first heap   total 265216K, used 173060K [0x0000000080000000, 0x0000000100000000)
  region size 1024K, 42 young (43008K), 8 survivors (8192K)
 Metaspace       used 135261K, committed 136448K, reserved 1179648K
  class space    used 17162K, committed 17664K, reserved 1048576K
GC Heap History (20 events):
Event: 29.040 GC heap before
{Heap before GC invocations=31 (full 0):
 garbage-first heap   total 233472K, used 130534K [0x0000000080000000, 0x0000000100000000)
  region size 1024K, 10 young (10240K), 8 survivors (8192K)
 Metaspace       used 134236K, committed 135296K, reserved 1179648K
  class space    used 17096K, committed 17536K, reserved 1048576K
}
Event: 29.044 GC heap after
{Heap after GC invocations=32 (full 0):
 garbage-first heap   total 233472K, used 128651K [0x0000000080000000, 0x0000000100000000)
  region size 1024K, 7 young (7168K), 7 survivors (7168K)
 Metaspace       used 134236K, committed 135296K, reserved 1179648K
  class space    used 17096K, committed 17536K, reserved 1048576K
}
Event: 29.638 GC heap before
{Heap before GC invocations=33 (full 0):
 garbage-first heap   total 233472K, used 201355K [0x0000000080000000, 0x0000000100000000)
  region size 1024K, 65 young (66560K), 7 survivors (7168K)
 Metaspace       used 134278K, committed 135360K, reserved 1179648K
  class space    used 17096K, committed 17536K, reserved 1048576K
}
Event: 29.640 GC heap after
{Heap after GC invocations=34 (full 0):
 garbage-first heap   total 233472K, used 124405K [0x0000000080000000, 0x0000000100000000)
  region size 1024K, 3 young (3072K), 3 survivors (3072K)
 Metaspace       used 134278K, committed 135360K, reserved 1179648K
  class space    used 17096K, committed 17536K, reserved 1048576K
}
Event: 29.920 GC heap before
{Heap before GC invocations=34 (full 0):
 garbage-first heap   total 233472K, used 213493K [0x0000000080000000, 0x0000000100000000)
  region size 1024K, 69 young (70656K), 3 survivors (3072K)
 Metaspace       used 134319K, committed 135360K, reserved 1179648K
  class space    used 17097K, committed 17536K, reserved 1048576K
}
Event: 29.922 GC heap after
{Heap after GC invocations=35 (full 0):
 garbage-first heap   total 233472K, used 120271K [0x0000000080000000, 0x0000000100000000)
  region size 1024K, 4 young (4096K), 4 survivors (4096K)
 Metaspace       used 134319K, committed 135360K, reserved 1179648K
  class space    used 17097K, committed 17536K, reserved 1048576K
}
Event: 30.237 GC heap before
{Heap before GC invocations=35 (full 0):
 garbage-first heap   total 233472K, used 128463K [0x0000000080000000, 0x0000000100000000)
  region size 1024K, 13 young (13312K), 4 survivors (4096K)
 Metaspace       used 134349K, committed 135488K, reserved 1179648K
  class space    used 17099K, committed 17600K, reserved 1048576K
}
Event: 30.239 GC heap after
{Heap after GC invocations=36 (full 0):
 garbage-first heap   total 233472K, used 121008K [0x0000000080000000, 0x0000000100000000)
  region size 1024K, 4 young (4096K), 4 survivors (4096K)
 Metaspace       used 134349K, committed 135488K, reserved 1179648K
  class space    used 17099K, committed 17600K, reserved 1048576K
}
Event: 40.442 GC heap before
{Heap before GC invocations=37 (full 0):
 garbage-first heap   total 233472K, used 223408K [0x0000000080000000, 0x0000000100000000)
  region size 1024K, 79 young (80896K), 4 survivors (4096K)
 Metaspace       used 134531K, committed 135616K, reserved 1179648K
  class space    used 17114K, committed 17600K, reserved 1048576K
}
Event: 40.447 GC heap after
{Heap after GC invocations=38 (full 0):
 garbage-first heap   total 233472K, used 123745K [0x0000000080000000, 0x0000000100000000)
  region size 1024K, 7 young (7168K), 7 survivors (7168K)
 Metaspace       used 134531K, committed 135616K, reserved 1179648K
  class space    used 17114K, committed 17600K, reserved 1048576K
}
Event: 58.385 GC heap before
{Heap before GC invocations=38 (full 0):
 garbage-first heap   total 233472K, used 222049K [0x0000000080000000, 0x0000000100000000)
  region size 1024K, 83 young (84992K), 7 survivors (7168K)
 Metaspace       used 134788K, committed 135936K, reserved 1179648K
  class space    used 17120K, committed 17600K, reserved 1048576K
}
Event: 58.390 GC heap after
{Heap after GC invocations=39 (full 0):
 garbage-first heap   total 235520K, used 126343K [0x0000000080000000, 0x0000000100000000)
  region size 1024K, 9 young (9216K), 9 survivors (9216K)
 Metaspace       used 134788K, committed 135936K, reserved 1179648K
  class space    used 17120K, committed 17600K, reserved 1048576K
}
Event: 58.415 GC heap before
{Heap before GC invocations=39 (full 0):
 garbage-first heap   total 235520K, used 131463K [0x0000000080000000, 0x0000000100000000)
  region size 1024K, 15 young (15360K), 9 survivors (9216K)
 Metaspace       used 134789K, committed 135936K, reserved 1179648K
  class space    used 17120K, committed 17600K, reserved 1048576K
}
Event: 58.420 GC heap after
{Heap after GC invocations=40 (full 0):
 garbage-first heap   total 235520K, used 125520K [0x0000000080000000, 0x0000000100000000)
  region size 1024K, 5 young (5120K), 5 survivors (5120K)
 Metaspace       used 134789K, committed 135936K, reserved 1179648K
  class space    used 17120K, committed 17600K, reserved 1048576K
}
Event: 60.076 GC heap before
{Heap before GC invocations=41 (full 0):
 garbage-first heap   total 247808K, used 246352K [0x0000000080000000, 0x0000000100000000)
  region size 1024K, 86 young (88064K), 5 survivors (5120K)
 Metaspace       used 134932K, committed 136000K, reserved 1179648K
  class space    used 17131K, committed 17600K, reserved 1048576K
}
Event: 60.080 GC heap after
{Heap after GC invocations=42 (full 0):
 garbage-first heap   total 254976K, used 128690K [0x0000000080000000, 0x0000000100000000)
  region size 1024K, 7 young (7168K), 7 survivors (7168K)
 Metaspace       used 134932K, committed 136000K, reserved 1179648K
  class space    used 17131K, committed 17600K, reserved 1048576K
}
Event: 85.968 GC heap before
{Heap before GC invocations=42 (full 0):
 garbage-first heap   total 257024K, used 254642K [0x0000000080000000, 0x0000000100000000)
  region size 1024K, 108 young (110592K), 7 survivors (7168K)
 Metaspace       used 135187K, committed 136384K, reserved 1179648K
  class space    used 17157K, committed 17664K, reserved 1048576K
}
Event: 85.973 GC heap after
{Heap after GC invocations=43 (full 0):
 garbage-first heap   total 265216K, used 127196K [0x0000000080000000, 0x0000000100000000)
  region size 1024K, 7 young (7168K), 7 survivors (7168K)
 Metaspace       used 135187K, committed 136384K, reserved 1179648K
  class space    used 17157K, committed 17664K, reserved 1048576K
}
Event: 85.985 GC heap before
{Heap before GC invocations=43 (full 0):
 garbage-first heap   total 265216K, used 131292K [0x0000000080000000, 0x0000000100000000)
  region size 1024K, 12 young (12288K), 7 survivors (7168K)
 Metaspace       used 135191K, committed 136384K, reserved 1179648K
  class space    used 17157K, committed 17664K, reserved 1048576K
}
Event: 85.988 GC heap after
{Heap after GC invocations=44 (full 0):
 garbage-first heap   total 265216K, used 125956K [0x0000000080000000, 0x0000000100000000)
  region size 1024K, 8 young (8192K), 8 survivors (8192K)
 Metaspace       used 135191K, committed 136384K, reserved 1179648K
  class space    used 17157K, committed 17664K, reserved 1048576K
}

