# JRE version: OpenJDK Runtime Environment Temurin-11.0.30+7 (11.0.30+7) (build 11.0.30+7)
# Java VM: OpenJDK 64-Bit Server VM Temurin-11.0.30+7 (11.0.30+7, mixed mode, tiered, compressed oops, g1 gc, windows-amd64)
Heap:
 garbage-first heap   total 325632K, used 197306K [0x0000000080000000, 0x0000000100000000)
  region size 1024K, 11 young (11264K), 2 survivors (2048K)
 Metaspace       used 149076K, capacity 157121K, committed 157320K, reserved 1181696K
  class space    used 20595K, capacity 24480K, committed 24536K, reserved 1048576K
GC Heap History (20 events):
Event: 33.359 GC heap before
{Heap before GC invocations=21 (full 0):
 garbage-first heap   total 325632K, used 182784K [0x0000000080000000, 0x0000000100000000)
  region size 1024K, 13 young (13312K), 10 survivors (10240K)
 Metaspace       used 147853K, capacity 155750K, committed 156040K, reserved 1181696K
  class space    used 20435K, capacity 24260K, committed 24280K, reserved 1048576K
}
Event: 33.366 GC heap after
{Heap after GC invocations=22 (full 0):
 garbage-first heap   total 325632K, used 166912K [0x0000000080000000, 0x0000000100000000)
  region size 1024K, 2 young (2048K), 2 survivors (2048K)
 Metaspace       used 147853K, capacity 155750K, committed 156040K, reserved 1181696K
  class space    used 20435K, capacity 24260K, committed 24280K, reserved 1048576K
}
Event: 39.124 GC heap before
{Heap before GC invocations=23 (full 0):
 garbage-first heap   total 325632K, used 235520K [0x0000000080000000, 0x0000000100000000)
  region size 1024K, 66 young (67584K), 2 survivors (2048K)
 Metaspace       used 148742K, capacity 156735K, committed 156808K, reserved 1181696K
  class space    used 20590K, capacity 24473K, committed 24536K, reserved 1048576K
}
Event: 39.130 GC heap after
{Heap after GC invocations=24 (full 0):
 garbage-first heap   total 325632K, used 169858K [0x0000000080000000, 0x0000000100000000)
  region size 1024K, 3 young (3072K), 3 survivors (3072K)
 Metaspace       used 148742K, capacity 156735K, committed 156808K, reserved 1181696K
  class space    used 20590K, capacity 24473K, committed 24536K, reserved 1048576K
}
Event: 39.394 GC heap before
{Heap before GC invocations=25 (full 0):
 garbage-first heap   total 325632K, used 190338K [0x0000000080000000, 0x0000000100000000)
  region size 1024K, 15 young (15360K), 3 survivors (3072K)
 Metaspace       used 148779K, capacity 156748K, committed 157064K, reserved 1181696K
  class space    used 20590K, capacity 24473K, committed 24536K, reserved 1048576K
}
Event: 39.400 GC heap after
{Heap after GC invocations=26 (full 0):
 garbage-first heap   total 325632K, used 167412K [0x0000000080000000, 0x0000000100000000)
  region size 1024K, 3 young (3072K), 3 survivors (3072K)
 Metaspace       used 148779K, capacity 156748K, committed 157064K, reserved 1181696K
  class space    used 20590K, capacity 24473K, committed 24536K, reserved 1048576K
}
Event: 39.703 GC heap before
{Heap before GC invocations=27 (full 0):
 garbage-first heap   total 325632K, used 181748K [0x0000000080000000, 0x0000000100000000)
  region size 1024K, 13 young (13312K), 3 survivors (3072K)
 Metaspace       used 148797K, capacity 156878K, committed 157064K, reserved 1181696K
  class space    used 20590K, capacity 24473K, committed 24536K, reserved 1048576K
}
Event: 39.708 GC heap after
{Heap after GC invocations=28 (full 0):
 garbage-first heap   total 325632K, used 168475K [0x0000000080000000, 0x0000000100000000)
  region size 1024K, 4 young (4096K), 4 survivors (4096K)
 Metaspace       used 148797K, capacity 156878K, committed 157064K, reserved 1181696K
  class space    used 20590K, capacity 24473K, committed 24536K, reserved 1048576K
}
Event: 39.921 GC heap before
{Heap before GC invocations=29 (full 0):
 garbage-first heap   total 325632K, used 174619K [0x0000000080000000, 0x0000000100000000)
  region size 1024K, 11 young (11264K), 4 survivors (4096K)
 Metaspace       used 148849K, capacity 156951K, committed 157064K, reserved 1181696K
  class space    used 20590K, capacity 24473K, committed 24536K, reserved 1048576K
}
Event: 39.927 GC heap after
{Heap after GC invocations=30 (full 0):
 garbage-first heap   total 325632K, used 169636K [0x0000000080000000, 0x0000000100000000)
  region size 1024K, 5 young (5120K), 5 survivors (5120K)
 Metaspace       used 148849K, capacity 156951K, committed 157064K, reserved 1181696K
  class space    used 20590K, capacity 24473K, committed 24536K, reserved 1048576K
}
Event: 40.193 GC heap before
{Heap before GC invocations=31 (full 0):
 garbage-first heap   total 325632K, used 183972K [0x0000000080000000, 0x0000000100000000)
  region size 1024K, 19 young (19456K), 5 survivors (5120K)
 Metaspace       used 148867K, capacity 156951K, committed 157064K, reserved 1181696K
  class space    used 20591K, capacity 24473K, committed 24536K, reserved 1048576K
}
Event: 40.197 GC heap after
{Heap after GC invocations=32 (full 0):
 garbage-first heap   total 325632K, used 167532K [0x0000000080000000, 0x0000000100000000)
  region size 1024K, 4 young (4096K), 4 survivors (4096K)
 Metaspace       used 148867K, capacity 156951K, committed 157064K, reserved 1181696K
  class space    used 20591K, capacity 24473K, committed 24536K, reserved 1048576K
}
Event: 41.030 GC heap before
{Heap before GC invocations=33 (full 0):
 garbage-first heap   total 325632K, used 185964K [0x0000000080000000, 0x0000000100000000)
  region size 1024K, 17 young (17408K), 4 survivors (4096K)
 Metaspace       used 148906K, capacity 156969K, committed 157064K, reserved 1181696K
  class space    used 20593K, capacity 24477K, committed 24536K, reserved 1048576K
}
Event: 41.035 GC heap after
{Heap after GC invocations=34 (full 0):
 garbage-first heap   total 325632K, used 168567K [0x0000000080000000, 0x0000000100000000)
  region size 1024K, 5 young (5120K), 5 survivors (5120K)
 Metaspace       used 148906K, capacity 156969K, committed 157064K, reserved 1181696K
  class space    used 20593K, capacity 24477K, committed 24536K, reserved 1048576K
}
Event: 41.322 GC heap before
{Heap before GC invocations=35 (full 0):
 garbage-first heap   total 325632K, used 208503K [0x0000000080000000, 0x0000000100000000)
  region size 1024K, 37 young (37888K), 5 survivors (5120K)
 Metaspace       used 148975K, capacity 157044K, committed 157320K, reserved 1181696K
  class space    used 20594K, capacity 24478K, committed 24536K, reserved 1048576K
}
Event: 41.330 GC heap after
{Heap after GC invocations=36 (full 0):
 garbage-first heap   total 325632K, used 172604K [0x0000000080000000, 0x0000000100000000)
  region size 1024K, 9 young (9216K), 9 survivors (9216K)
 Metaspace       used 148975K, capacity 157044K, committed 157320K, reserved 1181696K
  class space    used 20594K, capacity 24478K, committed 24536K, reserved 1048576K
}
Event: 42.673 GC heap before
{Heap before GC invocations=37 (full 0):
 garbage-first heap   total 325632K, used 203324K [0x0000000080000000, 0x0000000100000000)
  region size 1024K, 24 young (24576K), 9 survivors (9216K)
 Metaspace       used 149019K, capacity 157050K, committed 157320K, reserved 1181696K
  class space    used 20595K, capacity 24479K, committed 24536K, reserved 1048576K
}
Event: 42.680 GC heap after
{Heap after GC invocations=38 (full 0):
 garbage-first heap   total 325632K, used 188868K [0x0000000080000000, 0x0000000100000000)
  region size 1024K, 6 young (6144K), 6 survivors (6144K)
 Metaspace       used 149019K, capacity 157050K, committed 157320K, reserved 1181696K
  class space    used 20595K, capacity 24479K, committed 24536K, reserved 1048576K
}
Event: 42.905 GC heap before
{Heap before GC invocations=39 (full 0):
 garbage-first heap   total 325632K, used 203204K [0x0000000080000000, 0x0000000100000000)
  region size 1024K, 9 young (9216K), 6 survivors (6144K)
 Metaspace       used 149042K, capacity 157051K, committed 157320K, reserved 1181696K
  class space    used 20595K, capacity 24479K, committed 24536K, reserved 1048576K
}
Event: 42.908 GC heap after
{Heap after GC invocations=40 (full 0):
 garbage-first heap   total 325632K, used 186042K [0x0000000080000000, 0x0000000100000000)
  region size 1024K, 2 young (2048K), 2 survivors (2048K)
 Metaspace       used 149042K, capacity 157051K, committed 157320K, reserved 1181696K
  class space    used 20595K, capacity 24479K, committed 24536K, reserved 1048576K
}

