# JRE version: Java(TM) SE Runtime Environment (20.0.1+9) (build 20.0.1+9-29)
# Java VM: Java HotSpot(TM) 64-Bit Server VM (20.0.1+9-29, mixed mode, sharing, tiered, compressed oops, compressed class ptrs, g1 gc, windows-amd64)
GC Precious Log:
 CardTable entry size: 512
 Card Set container configuration: InlinePtr #cards 5 size 8 Array Of Cards #cards 12 size 40 Howl #buckets 4 coarsen threshold 1843 Howl Bitmap #cards 512 size 80 coarsen threshold 460 Card regions per heap region 1 cards per card region 2048
 CPUs: 12 total, 12 available
 Memory: 7562M
 Large Page Support: Disabled
 NUMA Support: Disabled
 Compressed Oops: Enabled (32-bit)
 Heap Region Size: 1M
 Heap Min Capacity: 8M
 Heap Initial Capacity: 120M
 Heap Max Capacity: 2G
 Pre-touch: Disabled
 Parallel Workers: 10
 Concurrent Workers: 3
 Concurrent Refinement Workers: 10
 Periodic GC: Disabled
Heap:
 garbage-first heap   total 221184K, used 210148K [0x0000000080000000, 0x0000000100000000)
  region size 1024K, 65 young (66560K), 5 survivors (5120K)
 Metaspace       used 134807K, committed 135936K, reserved 1179648K
  class space    used 17113K, committed 17600K, reserved 1048576K
GC Heap History (20 events):
Event: 23.007 GC heap before
{Heap before GC invocations=22 (full 0):
 garbage-first heap   total 142336K, used 87732K [0x0000000080000000, 0x0000000100000000)
  region size 1024K, 14 young (14336K), 8 survivors (8192K)
 Metaspace       used 129942K, committed 130880K, reserved 1179648K
  class space    used 16464K, committed 16896K, reserved 1048576K
}
Event: 23.013 GC heap after
{Heap after GC invocations=23 (full 0):
 garbage-first heap   total 142336K, used 82566K [0x0000000080000000, 0x0000000100000000)
  region size 1024K, 2 young (2048K), 2 survivors (2048K)
 Metaspace       used 129942K, committed 130880K, reserved 1179648K
  class space    used 16464K, committed 16896K, reserved 1048576K
}
Event: 23.299 GC heap before
{Heap before GC invocations=24 (full 0):
 garbage-first heap   total 145408K, used 145030K [0x0000000080000000, 0x0000000100000000)
  region size 1024K, 49 young (50176K), 2 survivors (2048K)
 Metaspace       used 130041K, committed 131008K, reserved 1179648K
  class space    used 16465K, committed 16896K, reserved 1048576K
}
Event: 23.300 GC heap after
{Heap after GC invocations=25 (full 0):
 garbage-first heap   total 147456K, used 85999K [0x0000000080000000, 0x0000000100000000)
  region size 1024K, 2 young (2048K), 2 survivors (2048K)
 Metaspace       used 130041K, committed 131008K, reserved 1179648K
  class space    used 16465K, committed 16896K, reserved 1048576K
}
Event: 24.010 GC heap before
{Heap before GC invocations=25 (full 0):
 garbage-first heap   total 151552K, used 149487K [0x0000000080000000, 0x0000000100000000)
  region size 1024K, 48 young (49152K), 2 survivors (2048K)
 Metaspace       used 132391K, committed 133504K, reserved 1179648K
  class space    used 16879K, committed 17344K, reserved 1048576K
}
Event: 24.014 GC heap after
{Heap after GC invocations=26 (full 0):
 garbage-first heap   total 157696K, used 91918K [0x0000000080000000, 0x0000000100000000)
  region size 1024K, 5 young (5120K), 5 survivors (5120K)
 Metaspace       used 132391K, committed 133504K, reserved 1179648K
  class space    used 16879K, committed 17344K, reserved 1048576K
}
Event: 24.261 GC heap before
{Heap before GC invocations=26 (full 0):
 garbage-first heap   total 157696K, used 101134K [0x0000000080000000, 0x0000000100000000)
  region size 1024K, 16 young (16384K), 5 survivors (5120K)
 Metaspace       used 132879K, committed 134016K, reserved 1179648K
  class space    used 16964K, committed 17472K, reserved 1048576K
}
Event: 24.264 GC heap after
{Heap after GC invocations=27 (full 0):
 garbage-first heap   total 157696K, used 92186K [0x0000000080000000, 0x0000000100000000)
  region size 1024K, 1 young (1024K), 1 survivors (1024K)
 Metaspace       used 132879K, committed 134016K, reserved 1179648K
  class space    used 16964K, committed 17472K, reserved 1048576K
}
Event: 24.801 GC heap before
{Heap before GC invocations=28 (full 0):
 garbage-first heap   total 184320K, used 182298K [0x0000000080000000, 0x0000000100000000)
  region size 1024K, 49 young (50176K), 1 survivors (1024K)
 Metaspace       used 133131K, committed 134272K, reserved 1179648K
  class space    used 16972K, committed 17472K, reserved 1048576K
}
Event: 24.807 GC heap after
{Heap after GC invocations=29 (full 0):
 garbage-first heap   total 192512K, used 124085K [0x0000000080000000, 0x0000000100000000)
  region size 1024K, 7 young (7168K), 7 survivors (7168K)
 Metaspace       used 133131K, committed 134272K, reserved 1179648K
  class space    used 16972K, committed 17472K, reserved 1048576K
}
Event: 29.299 GC heap before
{Heap before GC invocations=29 (full 0):
 garbage-first heap   total 192512K, used 177333K [0x0000000080000000, 0x0000000100000000)
  region size 1024K, 56 young (57344K), 7 survivors (7168K)
 Metaspace       used 134140K, committed 135168K, reserved 1179648K
  class space    used 17091K, committed 17536K, reserved 1048576K
}
Event: 29.304 GC heap after
{Heap after GC invocations=30 (full 0):
 garbage-first heap   total 192512K, used 123475K [0x0000000080000000, 0x0000000100000000)
  region size 1024K, 2 young (2048K), 2 survivors (2048K)
 Metaspace       used 134140K, committed 135168K, reserved 1179648K
  class space    used 17091K, committed 17536K, reserved 1048576K
}
Event: 29.349 GC heap before
{Heap before GC invocations=30 (full 0):
 garbage-first heap   total 192512K, used 139859K [0x0000000080000000, 0x0000000100000000)
  region size 1024K, 19 young (19456K), 2 survivors (2048K)
 Metaspace       used 134166K, committed 135232K, reserved 1179648K
  class space    used 17092K, committed 17536K, reserved 1048576K
}
Event: 29.350 GC heap after
{Heap after GC invocations=31 (full 0):
 garbage-first heap   total 192512K, used 123357K [0x0000000080000000, 0x0000000100000000)
  region size 1024K, 2 young (2048K), 2 survivors (2048K)
 Metaspace       used 134166K, committed 135232K, reserved 1179648K
  class space    used 17092K, committed 17536K, reserved 1048576K
}
Event: 30.766 GC heap before
{Heap before GC invocations=32 (full 0):
 garbage-first heap   total 192512K, used 184797K [0x0000000080000000, 0x0000000100000000)
  region size 1024K, 56 young (57344K), 2 survivors (2048K)
 Metaspace       used 134420K, committed 135552K, reserved 1179648K
  class space    used 17107K, committed 17600K, reserved 1048576K
}
Event: 30.769 GC heap after
{Heap after GC invocations=33 (full 0):
 garbage-first heap   total 192512K, used 99483K [0x0000000080000000, 0x0000000100000000)
  region size 1024K, 4 young (4096K), 4 survivors (4096K)
 Metaspace       used 134420K, committed 135552K, reserved 1179648K
  class space    used 17107K, committed 17600K, reserved 1048576K
}
Event: 56.586 GC heap before
{Heap before GC invocations=33 (full 0):
 garbage-first heap   total 192512K, used 190619K [0x0000000080000000, 0x0000000100000000)
  region size 1024K, 58 young (59392K), 4 survivors (4096K)
 Metaspace       used 134697K, committed 135872K, reserved 1179648K
  class space    used 17112K, committed 17600K, reserved 1048576K
}
Event: 57.243 GC heap after
{Heap after GC invocations=34 (full 0):
 garbage-first heap   total 198656K, used 119198K [0x0000000080000000, 0x0000000100000000)
  region size 1024K, 5 young (5120K), 5 survivors (5120K)
 Metaspace       used 134697K, committed 135872K, reserved 1179648K
  class space    used 17112K, committed 17600K, reserved 1048576K
}
Event: 57.850 GC heap before
{Heap before GC invocations=34 (full 0):
 garbage-first heap   total 198656K, used 156062K [0x0000000080000000, 0x0000000100000000)
  region size 1024K, 43 young (44032K), 5 survivors (5120K)
 Metaspace       used 134732K, committed 135872K, reserved 1179648K
  class space    used 17112K, committed 17600K, reserved 1048576K
}
Event: 57.854 GC heap after
{Heap after GC invocations=35 (full 0):
 garbage-first heap   total 198656K, used 119037K [0x0000000080000000, 0x0000000100000000)
  region size 1024K, 5 young (5120K), 5 survivors (5120K)
 Metaspace       used 134732K, committed 135872K, reserved 1179648K
  class space    used 17112K, committed 17600K, reserved 1048576K
}

